**Monday 27th of April 2015 07:01:48 PM Operador: abcd
/central/dataentry/inicio_main.php /ABCD/www/htdocs/central/dataentry/wxis/login.xis IsisScript=/ABCD/www/htdocs/central/dataentry/wxis/login.xis&base=acces&cipar=/ABCD/www/bases/par/acces.par&login=abcd&password=adm&path_db=/ABCD/www/bases/&cttype=s&syspar=/ABCD/www/bases/par/syspar.par
**Monday 27th of April 2015 07:01:51 PM Operador: abcd
/central/dataentry/inicio_base.php /ABCD/www/htdocs/central/dataentry/wxis/administrar.xis IsisScript=/ABCD/www/htdocs/central/dataentry/wxis/administrar.xis&base=dubcore&cipar=/ABCD/www/bases/par/dubcore.par&Opcion=status&path_db=/ABCD/www/bases/&cttype=s&syspar=/ABCD/www/bases/par/syspar.par
**Monday 27th of April 2015 07:01:54 PM Operador: abcd
/central/dataentry/fmt.php /ABCD/www/htdocs/central/dataentry/wxis/buscar.xis IsisScript=/ABCD/www/htdocs/central/dataentry/wxis/buscar.xis&cipar=/ABCD/www/bases/par/dubcore.par&Mfn=1&Opcion=ver&base=dubcore&Formato=/ABCD/www/bases/dubcore/pfts/en/dubcore&path_db=/ABCD/www/bases/&cttype=s&syspar=/ABCD/www/bases/par/syspar.par
**Monday 27th of April 2015 07:02:03 PM Operador: abcd
/central/dataentry/inicio_base.php /ABCD/www/htdocs/central/dataentry/wxis/administrar.xis IsisScript=/ABCD/www/htdocs/central/dataentry/wxis/administrar.xis&base=marc&cipar=/ABCD/www/bases/par/marc.par&Opcion=status&path_db=/ABCD/www/bases/&cttype=s&syspar=/ABCD/www/bases/par/syspar.par
**Monday 27th of April 2015 07:02:09 PM Operador: abcd
/central/dataentry/fmt.php /ABCD/www/htdocs/central/dataentry/wxis/buscar.xis IsisScript=/ABCD/www/htdocs/central/dataentry/wxis/buscar.xis&cipar=/ABCD/www/bases/par/marc.par&Mfn=1&Opcion=ver&base=marc&Formato=/ABCD/www/bases/marc/pfts/en/admarc&path_db=/ABCD/www/bases/&cttype=s&syspar=/ABCD/www/bases/par/syspar.par
**Monday 27th of April 2015 07:02:13 PM Operador: abcd
/central/copies/copies_add.php /ABCD/www/htdocs/central/dataentry/wxis/imprime.xis IsisScript=/ABCD/www/htdocs/central/dataentry/wxis/imprime.xis&base=marc&cipar=/ABCD/www/bases/par/marc.par&from=1&to=1&Formato=v1&Opcion=rango&path_db=/ABCD/www/bases/&cttype=s&syspar=/ABCD/www/bases/par/syspar.par
**Monday 27th of April 2015 07:02:17 PM Operador: abcd
/central/dataentry/show.php /ABCD/www/htdocs/central/dataentry/wxis/imprime.xis IsisScript=/ABCD/www/htdocs/central/dataentry/wxis/imprime.xis&base=copies&cipar=/ABCD/www/bases/par/copies.par&Expresion=CN_marc_1&Formato=@/ABCD/www/bases/copies/pfts/en/copies.pft&Total=s&Opcion=buscar&from=1&to=20&path_db=/ABCD/www/bases/&cttype=s&syspar=/ABCD/www/bases/par/syspar.par
**Monday 27th of April 2015 07:02:20 PM Operador: abcd
/central/dataentry/show.php /ABCD/www/htdocs/central/dataentry/wxis/imprime.xis IsisScript=/ABCD/www/htdocs/central/dataentry/wxis/imprime.xis&base=copies&cipar=/ABCD/www/bases/par/copies.par&Expresion=CN_marc_1&Formato=@/ABCD/www/bases/copies/pfts/en/copies.pft&Total=s&Opcion=buscar&from=1&to=20&path_db=/ABCD/www/bases/&cttype=s&syspar=/ABCD/www/bases/par/syspar.par
**Monday 27th of April 2015 07:02:23 PM Operador: abcd
/central/dataentry/fmt.php /ABCD/www/htdocs/central/dataentry/wxis/buscar.xis IsisScript=/ABCD/www/htdocs/central/dataentry/wxis/buscar.xis&cipar=/ABCD/www/bases/par/marc.par&Mfn=1&Opcion=ver&base=marc&Formato=/ABCD/www/bases/marc/pfts/en/admarc&path_db=/ABCD/www/bases/&cttype=s&syspar=/ABCD/www/bases/par/syspar.par
**Monday 27th of April 2015 07:02:25 PM Operador: abcd
/central/copies/loan_objects_add.php /ABCD/www/htdocs/central/dataentry/wxis/imprime.xis IsisScript=/ABCD/www/htdocs/central/dataentry/wxis/imprime.xis&base=marc&cipar=/ABCD/www/bases/par/marc.par&from=1&to=1&Formato=v1&Opcion=rango&path_db=/ABCD/www/bases/&cttype=s&syspar=/ABCD/www/bases/par/syspar.par
**Monday 27th of April 2015 07:02:25 PM Operador: abcd
/central/copies/loan_objects_add.php /ABCD/www/htdocs/central/dataentry/wxis/imprime.xis IsisScript=/ABCD/www/htdocs/central/dataentry/wxis/imprime.xis&base=loanobjects&cipar=/ABCD/www/bases/par/loanobjects.par&from=1&Formato=@/ABCD/www/bases/loanobjects/pfts/en/loanobjects_add.pft&Opcion=buscar&Expresion=CN_marc_1&cttype=s&path_db=/ABCD/www/bases/&cttype=s&syspar=/ABCD/www/bases/par/syspar.par
**Monday 27th of April 2015 07:02:25 PM Operador: abcd
/central/copies/loan_objects_add.php /ABCD/www/htdocs/central/dataentry/wxis/imprime.xis IsisScript=/ABCD/www/htdocs/central/dataentry/wxis/imprime.xis&base=copies&cipar=/ABCD/www/bases/par/copies.par&from=1&Formato=@/ABCD/www/bases/copies/pfts/en/copies_add.pft&Opcion=buscar&Expresion=CN_marc_1* STATUS_1&path_db=/ABCD/www/bases/&cttype=s&syspar=/ABCD/www/bases/par/syspar.par
**Monday 27th of April 2015 07:02:27 PM Operador: abcd
/central/dataentry/fmt.php /ABCD/www/htdocs/central/dataentry/wxis/buscar.xis IsisScript=/ABCD/www/htdocs/central/dataentry/wxis/buscar.xis&cipar=/ABCD/www/bases/par/marc.par&Mfn=1&Opcion=ver&base=marc&Formato=/ABCD/www/bases/marc/pfts/en/admarc&path_db=/ABCD/www/bases/&cttype=s&syspar=/ABCD/www/bases/par/syspar.par
**Monday 27th of April 2015 07:02:30 PM Operador: abcd
/central/copies/copies_edit.php /ABCD/www/htdocs/central/dataentry/wxis/imprime.xis IsisScript=/ABCD/www/htdocs/central/dataentry/wxis/imprime.xis&base=marc&cipar=/ABCD/www/bases/par/marc.par&from=1&to=1&Formato=v1&Opcion=rango&path_db=/ABCD/www/bases/&cttype=s&syspar=/ABCD/www/bases/par/syspar.par
**Monday 27th of April 2015 07:02:30 PM Operador: abcd
/central/copies/copies_edit_browse.php /ABCD/www/htdocs/central/dataentry/wxis/cipres_usuario.xis IsisScript=/ABCD/www/htdocs/central/dataentry/wxis/cipres_usuario.xis&base=copies&cipar=/ABCD/www/bases/par/copies.par&from=1&to=&Formato=/ABCD/www/bases/copies/pfts/en/tbcopies.pft&Expresion=CN_marc_1&path_db=/ABCD/www/bases/&cttype=s&syspar=/ABCD/www/bases/par/syspar.par
**Monday 27th of April 2015 07:02:30 PM Operador: abcd
/central/copies/copies_edit_browse.php /ABCD/www/htdocs/central/dataentry/wxis/buscar_ingreso.xis IsisScript=/ABCD/www/htdocs/central/dataentry/wxis/buscar_ingreso.xis&base=trans&cipar=/ABCD/www/bases/par/trans.par&Expresion=TR_P_x12345&Pft=v1'|',v10'|',v98'|'/&path_db=/ABCD/www/bases/&cttype=s&syspar=/ABCD/www/bases/par/syspar.par
**Monday 27th of April 2015 07:02:32 PM Operador: abcd
/central/copies/copies_edit_read.php /ABCD/www/htdocs/central/dataentry/wxis/lock.xis IsisScript=/ABCD/www/htdocs/central/dataentry/wxis/lock.xis&base=copies&cipar=/ABCD/www/bases/par/copies.par&Mfn=1&login=abcd&lock=S&path_db=/ABCD/www/bases/&cttype=s&syspar=/ABCD/www/bases/par/syspar.par
**Monday 27th of April 2015 07:02:33 PM Operador: abcd
/central/copies/copies_edit_read.php /ABCD/www/htdocs/central/dataentry/wxis/leer.xis IsisScript=/ABCD/www/htdocs/central/dataentry/wxis/leer.xis&base=copies&cipar=/ABCD/www/bases/par/copies.par&Mfn=1&Opcion=editar&login=abcd&password=&Pft=(if p(v1) then '1 'v1'____$$$' fi),(if p(v10) then '10 'v10'____$$$' fi),(if p(v20) then '20 'v20'____$$$' fi),(if p(v30) then '30 'v30'____$$$' fi),(if p(v200) then '200 'v200'____$$$' fi),(if p(v35) then '35 'v35'____$$$' fi),(if p(v40) then '40 'v40'____$$$' fi),(if p(v50) then '50 'v50'____$$$' fi),(if p(v60) then '60 'v60'____$$$' fi),(if p(v63) then '63 'v63'____$$$' fi),(if p(v68) then '68 'v68'____$$$' fi),(if p(v70) then '70 'v70'____$$$' fi),(if p(v80) then '80 'v80'____$$$' fi),(if p(v85) then '85 'v85'____$$$' fi),(if p(v90) then '90 'v90'____$$$' fi),(if p(v95) then '95 'v95'____$$$' fi),(if p(v100) then '100 'v100'____$$$' fi),(if p(v110) then '110 'v110'____$$$' fi),(if p(v300) then '300 'v300'____$$$' fi),(if p(v400) then '400 'v400'____$$$' fi),&lock=S&path_db=/ABCD/www/bases/&cttype=s&syspar=/ABCD/www/bases/par/syspar.par
**Monday 27th of April 2015 07:02:49 PM Operador: abcd
/central/copies/copies_update.php /ABCD/www/htdocs/central/dataentry/wxis/actualizar.xis IsisScript=/ABCD/www/htdocs/central/dataentry/wxis/actualizar.xis&base=copies&cipar=/ABCD/www/bases/par/copies.par&login=abcd&Mfn=1&Opcion=actualizar&ValorCapturado=d0001d0010d0030d0200d0200d0035d0040d0020d0050d0060d0063d0068d0070d0080d0085d0090d0095d0100d0110d0300d0400<0001 0>1</0001><0010 0>marc</0010><0030 0>x12345</0030><0200 0>^a2^bSent to loanobjects</0200><0035 0>MC</0035><0040 0>shelf1123</0040>&wks=&path_db=/ABCD/www/bases/&cttype=s&syspar=/ABCD/www/bases/par/syspar.par
**Monday 27th of April 2015 07:02:49 PM Operador: abcd
/central/copies/copies_edit_browse.php /ABCD/www/htdocs/central/dataentry/wxis/cipres_usuario.xis IsisScript=/ABCD/www/htdocs/central/dataentry/wxis/cipres_usuario.xis&base=copies&cipar=/ABCD/www/bases/par/copies.par&from=1&to=&Formato=/ABCD/www/bases/copies/pfts/en/tbcopies.pft&Expresion=CN_marc_1&path_db=/ABCD/www/bases/&cttype=s&syspar=/ABCD/www/bases/par/syspar.par
**Monday 27th of April 2015 07:02:49 PM Operador: abcd
/central/copies/copies_edit_browse.php /ABCD/www/htdocs/central/dataentry/wxis/buscar_ingreso.xis IsisScript=/ABCD/www/htdocs/central/dataentry/wxis/buscar_ingreso.xis&base=trans&cipar=/ABCD/www/bases/par/trans.par&Expresion=TR_P_x12345&Pft=v1'|',v10'|',v98'|'/&path_db=/ABCD/www/bases/&cttype=s&syspar=/ABCD/www/bases/par/syspar.par
**Monday 27th of April 2015 07:03:00 PM Operador: abcd
/central/copies/loan_objects_add.php /ABCD/www/htdocs/central/dataentry/wxis/imprime.xis IsisScript=/ABCD/www/htdocs/central/dataentry/wxis/imprime.xis&base=loanobjects&cipar=/ABCD/www/bases/par/loanobjects.par&from=1&Formato=@/ABCD/www/bases/loanobjects/pfts/en/loanobjects_add.pft&Opcion=buscar&Expresion=CN_marc_1&cttype=s&path_db=/ABCD/www/bases/&cttype=s&syspar=/ABCD/www/bases/par/syspar.par
**Monday 27th of April 2015 07:03:00 PM Operador: abcd
/central/copies/loan_objects_add.php /ABCD/www/htdocs/central/dataentry/wxis/imprime.xis IsisScript=/ABCD/www/htdocs/central/dataentry/wxis/imprime.xis&base=copies&cipar=/ABCD/www/bases/par/copies.par&from=1&Formato=@/ABCD/www/bases/copies/pfts/en/copies_add.pft&Opcion=buscar&Expresion=CN_marc_1* STATUS_1&path_db=/ABCD/www/bases/&cttype=s&syspar=/ABCD/www/bases/par/syspar.par
**Monday 27th of April 2015 07:03:03 PM Operador: abcd
/central/dataentry/fmt.php /ABCD/www/htdocs/central/dataentry/wxis/buscar.xis IsisScript=/ABCD/www/htdocs/central/dataentry/wxis/buscar.xis&cipar=/ABCD/www/bases/par/marc.par&Mfn=1&Opcion=ver&base=marc&Formato=/ABCD/www/bases/marc/pfts/en/admarc&path_db=/ABCD/www/bases/&cttype=s&syspar=/ABCD/www/bases/par/syspar.par
**Monday 27th of April 2015 07:03:43 PM Operador: abcd
/central/dataentry/fmt.php /ABCD/www/htdocs/central/dataentry/wxis/buscar.xis IsisScript=/ABCD/www/htdocs/central/dataentry/wxis/buscar.xis&cipar=/ABCD/www/bases/par/marc.par&Mfn=2&Opcion=ver&base=marc&Formato=/ABCD/www/bases/marc/pfts/en/admarc&path_db=/ABCD/www/bases/&cttype=s&syspar=/ABCD/www/bases/par/syspar.par
**Monday 27th of April 2015 07:03:44 PM Operador: abcd
/central/dataentry/fmt.php /ABCD/www/htdocs/central/dataentry/wxis/buscar.xis IsisScript=/ABCD/www/htdocs/central/dataentry/wxis/buscar.xis&cipar=/ABCD/www/bases/par/marc.par&Mfn=3&Opcion=ver&base=marc&Formato=/ABCD/www/bases/marc/pfts/en/admarc&path_db=/ABCD/www/bases/&cttype=s&syspar=/ABCD/www/bases/par/syspar.par
**Monday 27th of April 2015 07:03:46 PM Operador: abcd
/central/dataentry/fmt.php /ABCD/www/htdocs/central/dataentry/wxis/buscar.xis IsisScript=/ABCD/www/htdocs/central/dataentry/wxis/buscar.xis&cipar=/ABCD/www/bases/par/marc.par&Mfn=4&Opcion=ver&base=marc&Formato=/ABCD/www/bases/marc/pfts/en/admarc&path_db=/ABCD/www/bases/&cttype=s&syspar=/ABCD/www/bases/par/syspar.par
**Monday 27th of April 2015 07:03:47 PM Operador: abcd
/central/dataentry/fmt.php /ABCD/www/htdocs/central/dataentry/wxis/buscar.xis IsisScript=/ABCD/www/htdocs/central/dataentry/wxis/buscar.xis&cipar=/ABCD/www/bases/par/marc.par&Mfn=53&Opcion=ver&base=marc&Formato=/ABCD/www/bases/marc/pfts/en/admarc&path_db=/ABCD/www/bases/&cttype=s&syspar=/ABCD/www/bases/par/syspar.par
**Monday 27th of April 2015 07:03:48 PM Operador: abcd
/central/dataentry/fmt.php /ABCD/www/htdocs/central/dataentry/wxis/buscar.xis IsisScript=/ABCD/www/htdocs/central/dataentry/wxis/buscar.xis&cipar=/ABCD/www/bases/par/marc.par&Mfn=1&Opcion=ver&base=marc&Formato=/ABCD/www/bases/marc/pfts/en/admarc&path_db=/ABCD/www/bases/&cttype=s&syspar=/ABCD/www/bases/par/syspar.par
**Monday 27th of April 2015 07:03:55 PM Operador: abcd
/central/copies/copies_add.php /ABCD/www/htdocs/central/dataentry/wxis/imprime.xis IsisScript=/ABCD/www/htdocs/central/dataentry/wxis/imprime.xis&base=marc&cipar=/ABCD/www/bases/par/marc.par&from=1&to=1&Formato=v1&Opcion=rango&path_db=/ABCD/www/bases/&cttype=s&syspar=/ABCD/www/bases/par/syspar.par
**Monday 27th of April 2015 07:04:07 PM Operador: abcd
/central/dataentry/show.php /ABCD/www/htdocs/central/dataentry/wxis/imprime.xis IsisScript=/ABCD/www/htdocs/central/dataentry/wxis/imprime.xis&base=copies&cipar=/ABCD/www/bases/par/copies.par&Expresion=CN_marc_1&Formato=@/ABCD/www/bases/copies/pfts/en/copies.pft&Total=s&Opcion=buscar&from=1&to=20&path_db=/ABCD/www/bases/&cttype=s&syspar=/ABCD/www/bases/par/syspar.par
**Monday 27th of April 2015 07:04:15 PM Operador: abcd
/central/dataentry/show.php /ABCD/www/htdocs/central/dataentry/wxis/imprime.xis IsisScript=/ABCD/www/htdocs/central/dataentry/wxis/imprime.xis&base=copies&cipar=/ABCD/www/bases/par/copies.par&Expresion=CN_marc_1&Formato=@/ABCD/www/bases/copies/pfts/en/copies.pft&Total=s&Opcion=buscar&from=1&to=20&path_db=/ABCD/www/bases/&cttype=s&syspar=/ABCD/www/bases/par/syspar.par
**Monday 27th of April 2015 07:04:29 PM Operador: abcd
/central/dataentry/fmt.php /ABCD/www/htdocs/central/dataentry/wxis/buscar.xis IsisScript=/ABCD/www/htdocs/central/dataentry/wxis/buscar.xis&cipar=/ABCD/www/bases/par/marc.par&Mfn=1&Opcion=ver&base=marc&Formato=/ABCD/www/bases/marc/pfts/en/admarc&path_db=/ABCD/www/bases/&cttype=s&syspar=/ABCD/www/bases/par/syspar.par
**Monday 27th of April 2015 07:04:37 PM Operador: abcd
/central/copies/copies_add.php /ABCD/www/htdocs/central/dataentry/wxis/imprime.xis IsisScript=/ABCD/www/htdocs/central/dataentry/wxis/imprime.xis&base=marc&cipar=/ABCD/www/bases/par/marc.par&from=1&to=1&Formato=v1&Opcion=rango&path_db=/ABCD/www/bases/&cttype=s&syspar=/ABCD/www/bases/par/syspar.par
**Monday 27th of April 2015 07:05:14 PM Operador: abcd
/central/dataentry/fmt.php /ABCD/www/htdocs/central/dataentry/wxis/buscar.xis IsisScript=/ABCD/www/htdocs/central/dataentry/wxis/buscar.xis&cipar=/ABCD/www/bases/par/marc.par&Mfn=1&Opcion=ver&base=marc&Formato=/ABCD/www/bases/marc/pfts/en/admarc&path_db=/ABCD/www/bases/&cttype=s&syspar=/ABCD/www/bases/par/syspar.par
**Monday 27th of April 2015 07:05:19 PM Operador: abcd
/central/dataentry/inicio_base.php /ABCD/www/htdocs/central/dataentry/wxis/administrar.xis IsisScript=/ABCD/www/htdocs/central/dataentry/wxis/administrar.xis&base=loanobjects&cipar=/ABCD/www/bases/par/loanobjects.par&Opcion=status&path_db=/ABCD/www/bases/&cttype=s&syspar=/ABCD/www/bases/par/syspar.par
**Monday 27th of April 2015 07:05:22 PM Operador: abcd
/central/dataentry/fmt.php /ABCD/www/htdocs/central/dataentry/wxis/buscar.xis IsisScript=/ABCD/www/htdocs/central/dataentry/wxis/buscar.xis&cipar=/ABCD/www/bases/par/loanobjects.par&Mfn=1&Opcion=ver&base=loanobjects&Formato=/ABCD/www/bases/loanobjects/pfts/en/loanobjects&path_db=/ABCD/www/bases/&cttype=s&syspar=/ABCD/www/bases/par/syspar.par
**Monday 27th of April 2015 07:05:41 PM Operador: abcd
/central/dataentry/diccionario.php /ABCD/www/htdocs/central/dataentry/wxis/ifp.xis IsisScript=/ABCD/www/htdocs/central/dataentry/wxis/ifp.xis&base=loanobjects&cipar=/ABCD/www/bases/par/loanobjects.par&Formato=loanobjects&Opcion=diccionario&prefijo=CN_&campo=Copy Id.&Diccio=0&prologo=prologoact&LastKey=&path_db=/ABCD/www/bases/&cttype=s&syspar=/ABCD/www/bases/par/syspar.par
**Monday 27th of April 2015 07:05:47 PM Operador: abcd
/central/dataentry/diccionario.php /ABCD/www/htdocs/central/dataentry/wxis/ifp.xis IsisScript=/ABCD/www/htdocs/central/dataentry/wxis/ifp.xis&base=loanobjects&cipar=/ABCD/www/bases/par/loanobjects.par&Formato=loanobjects&Opcion=diccionario&prefijo=CONTROL_&campo=Control number&Diccio=1&prologo=prologoact&LastKey=&path_db=/ABCD/www/bases/&cttype=s&syspar=/ABCD/www/bases/par/syspar.par
**Monday 27th of April 2015 07:05:52 PM Operador: abcd
/central/dataentry/diccionario.php /ABCD/www/htdocs/central/dataentry/wxis/ifp.xis IsisScript=/ABCD/www/htdocs/central/dataentry/wxis/ifp.xis&base=loanobjects&cipar=/ABCD/www/bases/par/loanobjects.par&Formato=loanobjects&Opcion=diccionario&prefijo=IN_&campo=Barcode&Diccio=2&prologo=prologoact&LastKey=&path_db=/ABCD/www/bases/&cttype=s&syspar=/ABCD/www/bases/par/syspar.par
**Monday 27th of April 2015 07:06:01 PM Operador: abcd
/central/dataentry/inicio_base.php /ABCD/www/htdocs/central/dataentry/wxis/administrar.xis IsisScript=/ABCD/www/htdocs/central/dataentry/wxis/administrar.xis&base=marc&cipar=/ABCD/www/bases/par/marc.par&Opcion=status&path_db=/ABCD/www/bases/&cttype=s&syspar=/ABCD/www/bases/par/syspar.par
**Monday 27th of April 2015 07:06:05 PM Operador: abcd
/central/dataentry/fmt.php /ABCD/www/htdocs/central/dataentry/wxis/buscar.xis IsisScript=/ABCD/www/htdocs/central/dataentry/wxis/buscar.xis&cipar=/ABCD/www/bases/par/marc.par&Mfn=1&Opcion=ver&base=marc&Formato=/ABCD/www/bases/marc/pfts/en/admarc&path_db=/ABCD/www/bases/&cttype=s&syspar=/ABCD/www/bases/par/syspar.par
**Monday 27th of April 2015 07:06:08 PM Operador: abcd
/central/copies/copies_add.php /ABCD/www/htdocs/central/dataentry/wxis/imprime.xis IsisScript=/ABCD/www/htdocs/central/dataentry/wxis/imprime.xis&base=marc&cipar=/ABCD/www/bases/par/marc.par&from=1&to=1&Formato=v1&Opcion=rango&path_db=/ABCD/www/bases/&cttype=s&syspar=/ABCD/www/bases/par/syspar.par
**Monday 27th of April 2015 07:06:51 PM Operador: abcd
/central/dataentry/fmt.php /ABCD/www/htdocs/central/dataentry/wxis/buscar.xis IsisScript=/ABCD/www/htdocs/central/dataentry/wxis/buscar.xis&cipar=/ABCD/www/bases/par/marc.par&Mfn=1&Opcion=ver&base=marc&Formato=/ABCD/www/bases/marc/pfts/en/admarc&path_db=/ABCD/www/bases/&cttype=s&syspar=/ABCD/www/bases/par/syspar.par
**Monday 27th of April 2015 07:07:18 PM Operador: abcd
/central/dataentry/inicio_main.php /ABCD/www/htdocs/central/dataentry/wxis/login.xis IsisScript=/ABCD/www/htdocs/central/dataentry/wxis/login.xis&base=acces&cipar=/ABCD/www/bases/par/acces.par&login=abcd&password=adm&path_db=/ABCD/www/bases/&cttype=s&syspar=/ABCD/www/bases/par/syspar.par
**Monday 27th of April 2015 07:07:18 PM Operador: abcd
/central/dataentry/inicio_base.php /ABCD/www/htdocs/central/dataentry/wxis/administrar.xis IsisScript=/ABCD/www/htdocs/central/dataentry/wxis/administrar.xis&base=loanobjects&cipar=/ABCD/www/bases/par/loanobjects.par&Opcion=status&path_db=/ABCD/www/bases/&cttype=s&syspar=/ABCD/www/bases/par/syspar.par
**Monday 27th of April 2015 07:07:23 PM Operador: abcd
/central/dataentry/inicio_base.php /ABCD/www/htdocs/central/dataentry/wxis/administrar.xis IsisScript=/ABCD/www/htdocs/central/dataentry/wxis/administrar.xis&base=marc&cipar=/ABCD/www/bases/par/marc.par&Opcion=status&path_db=/ABCD/www/bases/&cttype=s&syspar=/ABCD/www/bases/par/syspar.par
**Monday 27th of April 2015 07:07:26 PM Operador: abcd
/central/dataentry/fmt.php /ABCD/www/htdocs/central/dataentry/wxis/buscar.xis IsisScript=/ABCD/www/htdocs/central/dataentry/wxis/buscar.xis&cipar=/ABCD/www/bases/par/marc.par&Mfn=1&Opcion=ver&base=marc&Formato=/ABCD/www/bases/marc/pfts/en/admarc&path_db=/ABCD/www/bases/&cttype=s&syspar=/ABCD/www/bases/par/syspar.par
**Monday 27th of April 2015 07:07:26 PM Operador: abcd
/central/dataentry/fmt.php /ABCD/www/htdocs/central/dataentry/wxis/buscar.xis IsisScript=/ABCD/www/htdocs/central/dataentry/wxis/buscar.xis&cipar=/ABCD/www/bases/par/marc.par&Mfn=2&Opcion=ver&base=marc&Formato=/ABCD/www/bases/marc/pfts/en/admarc&path_db=/ABCD/www/bases/&cttype=s&syspar=/ABCD/www/bases/par/syspar.par
**Monday 27th of April 2015 07:07:29 PM Operador: abcd
/central/copies/copies_add.php /ABCD/www/htdocs/central/dataentry/wxis/imprime.xis IsisScript=/ABCD/www/htdocs/central/dataentry/wxis/imprime.xis&base=marc&cipar=/ABCD/www/bases/par/marc.par&from=2&to=2&Formato=v1&Opcion=rango&path_db=/ABCD/www/bases/&cttype=s&syspar=/ABCD/www/bases/par/syspar.par
**Monday 27th of April 2015 07:10:41 PM Operador: abcd
/central/dataentry/fmt.php /ABCD/www/htdocs/central/dataentry/wxis/buscar.xis IsisScript=/ABCD/www/htdocs/central/dataentry/wxis/buscar.xis&cipar=/ABCD/www/bases/par/marc.par&Mfn=2&Opcion=ver&base=marc&Formato=/ABCD/www/bases/marc/pfts/en/admarc&path_db=/ABCD/www/bases/&cttype=s&syspar=/ABCD/www/bases/par/syspar.par
**Monday 27th of April 2015 07:10:50 PM Operador: abcd
/central/common/inicio.php /ABCD/www/htdocs/central/dataentry/wxis/actualizar.xis IsisScript=/ABCD/www/htdocs/central/dataentry/wxis/actualizar.xis&Mfn=New&Opcion=crear&base=logtrans&cipar=/ABCD/www/bases/par/logtrans.par&login=abcd&ValorCapturado=<1 0>P</1><20 0>2015/04/27</20><30 0>07:10:48</30><40 0>abcd</40>&path_db=/ABCD/www/bases/&cttype=s&syspar=/ABCD/www/bases/par/syspar.par
**Monday 27th of April 2015 07:11:00 PM Operador: abcd
/central/circulation/capturaclaves.php /ABCD/www/htdocs/central/dataentry/wxis/ifp.xis IsisScript=/ABCD/www/htdocs/central/dataentry/wxis/ifp.xis&base=loanobjects&cipar=/ABCD/www/bases/par/loanobjects.par&Opcion=autoridades&tagfst=&prefijo=IN_&pref=IN_&postings=1&formato_e=@/ABCD/www/bases/loanobjects/pfts/en/autoridades.pft&path_db=/ABCD/www/bases/&cttype=s&syspar=/ABCD/www/bases/par/syspar.par
**Monday 27th of April 2015 07:11:05 PM Operador: abcd
/central/circulation/capturaclaves.php /ABCD/www/htdocs/central/dataentry/wxis/ifp.xis IsisScript=/ABCD/www/htdocs/central/dataentry/wxis/ifp.xis&base=users&cipar=/ABCD/www/bases/par/users.par&Opcion=autoridades&tagfst=&prefijo=NO_&pref=NO_&postings=1&formato_e=v30,`$$$`,if P(v20) then v20 else v35 fi&path_db=/ABCD/www/bases/&cttype=s&syspar=/ABCD/www/bases/par/syspar.par
**Monday 27th of April 2015 07:11:12 PM Operador: abcd
/central/circulation/usuario_prestamos_presentar.php /ABCD/www/htdocs/central/dataentry/wxis/cipres_usuario.xis IsisScript=/ABCD/www/htdocs/central/dataentry/wxis/cipres_usuario.xis&Expresion=CO_011&base=users&cipar=/ABCD/www/bases//par/users.par&Formato=/ABCD/www/bases/users/loans/en/loans_usdisp.pft&path_db=/ABCD/www/bases/&cttype=s&syspar=/ABCD/www/bases/par/syspar.par
**Monday 27th of April 2015 07:11:12 PM Operador: abcd
/central/circulation/usuario_prestamos_presentar.php /ABCD/www/htdocs/central/dataentry/wxis/cipres_usuario.xis IsisScript=/ABCD/www/htdocs/central/dataentry/wxis/cipres_usuario.xis&Expresion=TR_S_011&base=suspml&cipar=/ABCD/www/bases/par/suspml.par&Pft=v1'|',v10'|',v20'|',v30'|',v40'|',v50'|',v60'|',v100'|',f(mfn,1,0)/&path_db=/ABCD/www/bases/&cttype=s&syspar=/ABCD/www/bases/par/syspar.par
**Monday 27th of April 2015 07:11:12 PM Operador: abcd
/central/circulation/usuario_prestamos_presentar.php /ABCD/www/htdocs/central/dataentry/wxis/cipres_usuario.xis IsisScript=/ABCD/www/htdocs/central/dataentry/wxis/cipres_usuario.xis&Expresion=TR_M_011&base=suspml&cipar=/ABCD/www/bases/par/suspml.par&Pft=v1'|',v10'|',v20'|',v30'|',v40'|',v50'|',v60'|',v100'|',f(mfn,1,0)/&path_db=/ABCD/www/bases/&cttype=s&syspar=/ABCD/www/bases/par/syspar.par
**Monday 27th of April 2015 07:11:12 PM Operador: abcd
/central/circulation/usuario_prestamos_presentar.php /ABCD/www/htdocs/central/dataentry/wxis/cipres_usuario.xis IsisScript=/ABCD/www/htdocs/central/dataentry/wxis/cipres_usuario.xis&Expresion=TRU_P_011&base=trans&cipar=/ABCD/www/bases/par/trans.par&Formato=/ABCD/www/bases/trans/pfts/en/loans_display.pft&path_db=/ABCD/www/bases/&cttype=s&syspar=/ABCD/www/bases/par/syspar.par
**Monday 27th of April 2015 07:11:12 PM Operador: abcd
/central/circulation/usuario_prestamos_presentar.php /ABCD/www/htdocs/central/dataentry/wxis/cipres_usuario.xis IsisScript=/ABCD/www/htdocs/central/dataentry/wxis/cipres_usuario.xis&Expresion=CO_011&base=users&cipar=/ABCD/www/bases/par/users.par&Pft=if P(v20) then v20 else v35 fi'$$'v10^*'$$'v500&path_db=/ABCD/www/bases/&cttype=s&syspar=/ABCD/www/bases/par/syspar.par
**Monday 27th of April 2015 07:11:12 PM Operador: abcd
/central/circulation/usuario_prestamos_presentar.php /ABCD/www/htdocs/central/dataentry/wxis/loans/prestamo_disponibilidad.xis IsisScript=/ABCD/www/htdocs/central/dataentry/wxis/loans/prestamo_disponibilidad.xis&Opcion=disponibilidad&base=loanobjects&cipar=/ABCD/www/bases/par/loanobjects.par&Expresion=IN_x12345&Pft=(v1[1]'||'v10[1],'||',v959^i,'||',v959^l,'||',v959^b,'||',v959^o,'||',v959^v,'||',v959^t,'||'/)&path_db=/ABCD/www/bases/&cttype=s&syspar=/ABCD/www/bases/par/syspar.par
**Monday 27th of April 2015 07:11:12 PM Operador: abcd
/central/circulation/usuario_prestamos_presentar.php /ABCD/www/htdocs/central/dataentry/wxis/loans/prestamo_disponibilidad.xis IsisScript=/ABCD/www/htdocs/central/dataentry/wxis/loans/prestamo_disponibilidad.xis&Opcion=disponibilidad&base=marc&cipar=/ABCD/www/bases/par/marc.par&Expresion=CN_1&Pft=@/ABCD/www/bases/marc/loans/en/loans_display.pft, /'||'v1'||''###',"^a"v245^a&path_db=/ABCD/www/bases/&cttype=s&syspar=/ABCD/www/bases/par/syspar.par
**Monday 27th of April 2015 07:11:12 PM Operador: abcd
/central/circulation/usuario_prestamos_presentar.php /ABCD/www/htdocs/central/dataentry/wxis/cipres_usuario.xis IsisScript=/ABCD/www/htdocs/central/dataentry/wxis/cipres_usuario.xis&Expresion=TR_P_x12345&base=trans&cipar=/ABCD/www/bases/par/trans.par&Formato=/ABCD/www/bases/trans/pfts/en/loans_display.pft&path_db=/ABCD/www/bases/&cttype=s&syspar=/ABCD/www/bases/par/syspar.par
**Monday 27th of April 2015 07:11:12 PM Operador: abcd
/central/circulation/usuario_prestamos_presentar.php /ABCD/www/htdocs/central/dataentry/wxis/cipres_usuario.xis IsisScript=/ABCD/www/htdocs/central/dataentry/wxis/cipres_usuario.xis&Expresion=ON_P_1&base=trans&cipar=/ABCD/www/bases/par/trans.par&Formato=/ABCD/www/bases/trans/pfts/en/loans_display.pft&path_db=/ABCD/www/bases/&cttype=s&syspar=/ABCD/www/bases/par/syspar.par
**Monday 27th of April 2015 07:11:12 PM Operador: abcd
/central/circulation/usuario_prestamos_presentar.php /ABCD/www/htdocs/central/dataentry/wxis/cipres_usuario.xis IsisScript=/ABCD/www/htdocs/central/dataentry/wxis/cipres_usuario.xis&base=reserve&cipar=/ABCD/www/bases/par/reserve.par&Expresion=CN_marc_1 AND (ST_3 or ST_0)&Pft=f(mfn,6,0)'|'v10'|'v30'|'v31'|'v40'|'v60'|'v130'|'v200,'|',v1/&path_db=/ABCD/www/bases/&cttype=s&syspar=/ABCD/www/bases/par/syspar.par
**Monday 27th of April 2015 07:11:13 PM Operador: abcd
/central/circulation/usuario_prestamos_presentar.php /ABCD/www/htdocs/central/dataentry/wxis/loans/prestamo_disponibilidad.xis IsisScript=/ABCD/www/htdocs/central/dataentry/wxis/loans/prestamo_disponibilidad.xis&Opcion=disponibilidad&base=marc&cipar=/ABCD/www/bases/par/marc.par&Expresion=CN_1&Pft="^a"v245^a&path_db=/ABCD/www/bases/&cttype=s&syspar=/ABCD/www/bases/par/syspar.par
**Monday 27th of April 2015 07:11:13 PM Operador: abcd
/central/circulation/usuario_prestamos_presentar.php /ABCD/www/htdocs/central/dataentry/wxis/crear_registro.xis IsisScript=/ABCD/www/htdocs/central/dataentry/wxis/crear_registro.xis&base=trans&cipar=/ABCD/www/bases/par/trans.par&login=abcd&ValorCapturado=<1 0>P</1><10 0>x12345</10><12 0></12><15 0></15><20 0>011</20><30 0>20150427</30><35 0>07:11 PM</35><40 0>20150429</40><70 0>PR</70><80 0>L</80><95 0>1</95><98 0>marc</98><90 0>1</90><100 0>^aPlantas da medicina popular no Rio Grande do Sul /</100><400 0>L|pr|5|3||D|1|2||||Y|Y|Y|||||||||</400><120 0>^aabcd^b20150427 19:11:13</120>&logtrans=<1 0>A</1><20 0>2015/04/27</20><30 0>07:11:13</30><40 0>abcd</40><10 0>marc</10><100 0>1</100><110 0>x12345</110><120 0>L</120><200 0>011</200><210 0>PR</210>&path_db=/ABCD/www/bases/&cttype=s&syspar=/ABCD/www/bases/par/syspar.par
